2025-04-02 20:46:43,703 - INFO - WebDriver initialized successfully
2025-04-02 20:46:43,703 - INFO - Attempting login...
2025-04-02 20:46:50,164 - INFO - Login successful!
2025-04-02 20:46:54,691 - INFO - Getting subjects...
2025-04-02 20:46:55,781 - INFO - Found subject 1: Physics 1st Paper (ID: 88)
2025-04-02 20:46:55,801 - INFO - Found subject 2: Physics 2nd Paper (ID: 89)
2025-04-02 20:46:55,816 - INFO - Found subject 3: Chemistry 1st Paper (ID: 86)
2025-04-02 20:46:55,833 - INFO - Found subject 4: Chemistry 2nd Paper (ID: 87)
2025-04-02 20:46:55,849 - INFO - Found subject 5: Higher Mathematics 1st Paper (ID: 90)
2025-04-02 20:46:55,865 - INFO - Found subject 6: Higher Mathematics 2nd Paper (ID: 91)
2025-04-02 20:46:55,882 - INFO - Found subject 7: English (ID: 55)
2025-04-02 20:46:55,898 - INFO - Found subject 8: Architecture (ID: 75)
2025-04-02 20:46:55,916 - INFO - Found subject 9: Solve Class (ID: 183)
2025-04-02 20:46:55,916 - INFO - Getting chapters for subject: Physics 1st Paper
2025-04-02 20:46:56,696 - INFO - Found chapter 1: অধ্যায়-১ : ভৌত জগৎ ও পরিমাপ (ID: 638)
2025-04-02 20:46:56,711 - INFO - Found chapter 2: অধ্যায়-২ : ভেক্টর (ID: 639)
2025-04-02 20:46:56,726 - INFO - Found chapter 3: অধ্যায়-৩ : গতিবিদ্যা (ID: 640)
2025-04-02 20:46:56,740 - INFO - Found chapter 4: অধ্যায়-৪ : নিউটনিয়ান বলবিদ্যা (ID: 641)
2025-04-02 20:46:56,755 - INFO - Found chapter 5: অধ্যায়-৫ : কাজ, শক্তি ও ক্ষমতা (ID: 642)
2025-04-02 20:46:56,772 - INFO - Found chapter 6: অধ্যায়-৬ : মহাকর্ষ ও অভিকর্ষ (ID: 643)
2025-04-02 20:46:56,793 - INFO - Found chapter 7: অধ্যায়-৭ : পদার্থের গাঠনিক ধর্ম (ID: 644)
2025-04-02 20:46:56,816 - INFO - Found chapter 8: অধ্যায়-৮ : পর্যাবৃত্ত গতি (ID: 645)
2025-04-02 20:46:56,835 - INFO - Found chapter 9: অধ্যায়-৯ : তরঙ্গ (ID: 646)
2025-04-02 20:46:56,850 - INFO - Found chapter 10: অধ্যায়-১০ : আদর্শ গ্যাস ও গ্যাসের গতিতত্ত্ব (ID: 647)
2025-04-02 20:46:56,850 - INFO - Getting chapters for subject: Physics 2nd Paper
2025-04-02 20:46:57,299 - INFO - Found chapter 1: অধ্যায়- ১ : তাপগতিবিদ্যা (ID: 648)
2025-04-02 20:46:57,314 - INFO - Found chapter 2: অধ্যায়-২ : স্থির তড়িৎ (ID: 649)
2025-04-02 20:46:57,328 - INFO - Found chapter 3: অধ্যায়-৩ : চল তড়িৎ (ID: 650)
2025-04-02 20:46:57,344 - INFO - Found chapter 4: অধ্যায়-৪ : তড়িৎ প্রবাহের চৌম্বক ক্রিয়া ও চুম্বকত্ব (ID: 651)
2025-04-02 20:46:57,358 - INFO - Found chapter 5: অধ্যায়-৫ : তড়িৎচৌম্বকীয় আবেশ ও পরিবর্তী প্রবাহ (ID: 652)
2025-04-02 20:46:57,372 - INFO - Found chapter 6: অধ্যায়-৬ : জ্যামিতিক আলোকবিজ্ঞান (ID: 653)
2025-04-02 20:46:57,386 - INFO - Found chapter 7: অধ্যায়-৭ : ভৌত আলোকবিজ্ঞান (ID: 654)
2025-04-02 20:46:57,411 - INFO - Found chapter 8: অধ্যায়-৮ : আধুনিক পদার্থ বিজ্ঞানের সূচনা (ID: 655)
2025-04-02 20:46:57,427 - INFO - Found chapter 9: অধ্যায়-৯ : পরমাণুর মডেল ও নিউক্লিয়ার পদার্থবিজ্ঞান (ID: 656)
2025-04-02 20:46:57,442 - INFO - Found chapter 10: অধ্যায়-১০ : সেমিকন্ডাক্টর ও ইলেক্ট্রনিক্স (ID: 657)
2025-04-02 20:46:57,456 - INFO - Found chapter 11: অধ্যায়-১১ : জ্যোতির্বিজ্ঞান (ID: 658)
2025-04-02 20:46:57,456 - INFO - Getting chapters for subject: Chemistry 1st Paper
2025-04-02 20:46:57,865 - INFO - Found chapter 1: অধ্যায়-১ : ল্যাবরেটরির নিরাপদ ব্যবহার (ID: 659)
2025-04-02 20:46:57,880 - INFO - Found chapter 2: অধ্যায়-২ : গুণগত রসায়ন (ID: 660)
2025-04-02 20:46:57,895 - INFO - Found chapter 3: অধ্যায়-৩ : মৌলের পর্যায়বৃত্ত ধর্ম ও রাসায়নিক বন্ধন (ID: 661)
2025-04-02 20:46:57,910 - INFO - Found chapter 4: অধ্যায়-৪ : রাসায়নিক পরিবর্তন (ID: 662)
2025-04-02 20:46:57,925 - INFO - Found chapter 5: অধ্যায়-৫ : কর্মমুখী রসায়ন (ID: 663)
2025-04-02 20:46:57,925 - INFO - Getting chapters for subject: Chemistry 2nd Paper
2025-04-02 20:46:58,350 - INFO - Found chapter 1: অধ্যায়-১ : পরিবেশ রসায়ন (ID: 664)
2025-04-02 20:46:58,369 - INFO - Found chapter 2: অধ্যায়-২ : জৈব রসায়ন (ID: 665)
2025-04-02 20:46:58,384 - INFO - Found chapter 3: অধ্যায়-৩ : পরিমাণগত রসায়ন (ID: 666)
2025-04-02 20:46:58,399 - INFO - Found chapter 4: অধ্যায়-৪ : তড়িৎ রসায়ন (ID: 667)
2025-04-02 20:46:58,413 - INFO - Found chapter 5: অধ্যায়-৫ : অর্থনৈতিক রসায়ন (ID: 668)
2025-04-02 20:46:58,413 - INFO - Getting chapters for subject: Higher Mathematics 1st Paper
2025-04-02 20:46:58,816 - INFO - Found chapter 1: অধ্যায়-১ : ম্যাট্রিক্স ও নির্ণায়ক (ID: 669)
2025-04-02 20:46:58,831 - INFO - Found chapter 2: অধ্যায়-২ : ভেক্টর (ID: 670)
2025-04-02 20:46:58,854 - INFO - Found chapter 3: অধ্যায়-৩ : সরলরেখা (ID: 671)
2025-04-02 20:46:58,885 - INFO - Found chapter 4: অধ্যায়-৪ : বৃত্ত (ID: 672)
2025-04-02 20:46:58,907 - INFO - Found chapter 5: অধ্যায়-৫ : বিন্যাস ও সমাবেশ (ID: 673)
2025-04-02 20:46:58,923 - INFO - Found chapter 6: অধ্যায়-৬ : ত্রিকোণমিতিক অনুপাত (ID: 674)
2025-04-02 20:46:58,937 - INFO - Found chapter 7: অধ্যায়-৭ : সংযুক্ত ও যৌগিক কোণের ত্রিকোণমিতিক অনুপাত (ID: 675)
2025-04-02 20:46:58,952 - INFO - Found chapter 8: অধ্যায়-৮ : ফাংশন ও ফাংশনের লেখচিত্র (ID: 676)
2025-04-02 20:46:58,979 - INFO - Found chapter 9: অধ্যায়-৯ : অন্তরীকরণ (ID: 677)
2025-04-02 20:46:58,994 - INFO - Found chapter 10: অধ্যায়-১০ : যোগজীকরণ (ID: 678)
2025-04-02 20:46:58,994 - INFO - Getting chapters for subject: Higher Mathematics 2nd Paper
2025-04-02 20:46:59,379 - INFO - Found chapter 1: অধ্যায়-১ : বাস্তব সংখ্যা ও অসমতা (ID: 679)
2025-04-02 20:46:59,393 - INFO - Found chapter 2: অধ্যায়-২ : যোগাশ্রয়ী প্রোগ্রাম (ID: 680)
2025-04-02 20:46:59,408 - INFO - Found chapter 3: অধ্যায়-৩ : জটিল সংখ্যা (ID: 681)
2025-04-02 20:46:59,422 - INFO - Found chapter 4: অধ্যায়-৪ : বহুপদী ও বহুপদী সমীকরণ (ID: 682)
2025-04-02 20:46:59,435 - INFO - Found chapter 5: অধ্যায়-৫ : দ্বিপদী বিস্তৃতি (ID: 683)
2025-04-02 20:46:59,451 - INFO - Found chapter 6: অধ্যায়-৬ : কণিক (ID: 684)
2025-04-02 20:46:59,465 - INFO - Found chapter 7: অধ্যায়-৭ : বিপরীত ত্রিকোণমিতিক ফাংশন ও ত্রিকোণমিতিক সমীকরণ (ID: 685)
2025-04-02 20:46:59,480 - INFO - Found chapter 8: অধ্যায়-৮ : স্থিতিবিদ্যা (ID: 686)
2025-04-02 20:46:59,502 - INFO - Found chapter 9: অধ্যায়-৯ : সমতলে বস্তুকণার গতি (ID: 687)
2025-04-02 20:46:59,516 - INFO - Found chapter 10: অধ্যায়-১০ : বিস্তার পরিমাপ ও সম্ভাবনা (ID: 688)
2025-04-02 20:46:59,517 - INFO - Getting chapters for subject: English
